0:0:0:0:0:0:0:1 - - [28/Nov/2020:12:36:19 +0700] "GET / HTTP/1.1" 500 11156
0:0:0:0:0:0:0:1 - - [28/Nov/2020:12:57:26 +0700] "GET / HTTP/1.1" 500 11156
0:0:0:0:0:0:0:1 - - [28/Nov/2020:12:57:36 +0700] "GET / HTTP/1.1" 500 11156
0:0:0:0:0:0:0:1 - - [28/Nov/2020:12:58:46 +0700] "GET / HTTP/1.1" 200 1146
0:0:0:0:0:0:0:1 - - [28/Nov/2020:12:58:46 +0700] "GET /css/bootstrap.min.css HTTP/1.1" 304 -
127.0.0.1 - - [28/Nov/2020:12:59:48 +0700] "GET / HTTP/1.1" 200 1146
0:0:0:0:0:0:0:1 - - [28/Nov/2020:12:59:52 +0700] "GET / HTTP/1.1" 200 1146
0:0:0:0:0:0:0:1 - - [28/Nov/2020:13:00:48 +0700] "GET / HTTP/1.1" 200 1122
0:0:0:0:0:0:0:1 - - [28/Nov/2020:13:00:49 +0700] "GET /?form HTTP/1.1" 500 7815
127.0.0.1 - - [28/Nov/2020:13:01:40 +0700] "GET / HTTP/1.1" 200 1122
0:0:0:0:0:0:0:1 - - [28/Nov/2020:13:01:42 +0700] "GET /?form HTTP/1.1" 500 7810
0:0:0:0:0:0:0:1 - - [28/Nov/2020:13:02:25 +0700] "GET /?form HTTP/1.1" 200 673
0:0:0:0:0:0:0:1 - - [28/Nov/2020:13:09:01 +0700] "GET / HTTP/1.1" 200 1122
0:0:0:0:0:0:0:1 - - [28/Nov/2020:13:09:01 +0700] "GET /css/bootstrap.min.css HTTP/1.1" 304 -
0:0:0:0:0:0:0:1 - - [28/Nov/2020:13:09:01 +0700] "GET /favicon.ico HTTP/1.1" 200 2862
0:0:0:0:0:0:0:1 - - [28/Nov/2020:13:09:05 +0700] "GET /?form HTTP/1.1" 200 1105
0:0:0:0:0:0:0:1 - - [28/Nov/2020:13:17:12 +0700] "GET / HTTP/1.1" 200 1122
0:0:0:0:0:0:0:1 - - [28/Nov/2020:13:17:14 +0700] "GET /?form HTTP/1.1" 200 1189
0:0:0:0:0:0:0:1 - - [28/Nov/2020:13:19:01 +0700] "POST /form HTTP/1.1" 400 968
0:0:0:0:0:0:0:1 - - [28/Nov/2020:13:28:29 +0700] "GET / HTTP/1.1" 200 1122
0:0:0:0:0:0:0:1 - - [28/Nov/2020:13:28:31 +0700] "GET /?form HTTP/1.1" 200 1189
0:0:0:0:0:0:0:1 - - [28/Nov/2020:13:28:38 +0700] "POST /form HTTP/1.1" 200 1297
0:0:0:0:0:0:0:1 - - [28/Nov/2020:13:28:47 +0700] "POST /form HTTP/1.1" 200 1297
0:0:0:0:0:0:0:1 - - [28/Nov/2020:13:28:56 +0700] "POST /form HTTP/1.1" 200 1297
0:0:0:0:0:0:0:1 - - [28/Nov/2020:13:30:26 +0700] "GET / HTTP/1.1" 200 1122
0:0:0:0:0:0:0:1 - - [28/Nov/2020:13:30:26 +0700] "GET /css/bootstrap.min.css HTTP/1.1" 304 -
0:0:0:0:0:0:0:1 - - [28/Nov/2020:13:30:28 +0700] "GET /?form HTTP/1.1" 200 1189
0:0:0:0:0:0:0:1 - - [28/Nov/2020:13:30:35 +0700] "POST /form HTTP/1.1" 200 1297
0:0:0:0:0:0:0:1 - - [28/Nov/2020:13:30:44 +0700] "POST /form HTTP/1.1" 200 1297
127.0.0.1 - - [28/Nov/2020:13:31:34 +0700] "GET / HTTP/1.1" 200 1122
127.0.0.1 - - [28/Nov/2020:13:31:34 +0700] "GET /favicon.ico HTTP/1.1" 200 2862
127.0.0.1 - - [28/Nov/2020:13:31:36 +0700] "GET /?form HTTP/1.1" 200 1189
127.0.0.1 - - [28/Nov/2020:13:31:47 +0700] "POST /form HTTP/1.1" 200 1297
127.0.0.1 - - [28/Nov/2020:13:31:58 +0700] "POST /form HTTP/1.1" 302 -
127.0.0.1 - - [28/Nov/2020:13:31:58 +0700] "GET /1 HTTP/1.1" 500 11023
0:0:0:0:0:0:0:1 - - [28/Nov/2020:13:43:19 +0700] "GET / HTTP/1.1" 200 1123
0:0:0:0:0:0:0:1 - - [28/Nov/2020:13:43:19 +0700] "GET /css/bootstrap.min.css HTTP/1.1" 304 -
0:0:0:0:0:0:0:1 - - [28/Nov/2020:13:43:22 +0700] "GET /?form HTTP/1.1" 200 1189
0:0:0:0:0:0:0:1 - - [28/Nov/2020:13:43:35 +0700] "POST /form HTTP/1.1" 302 -
0:0:0:0:0:0:0:1 - - [28/Nov/2020:13:43:35 +0700] "GET /2 HTTP/1.1" 500 10895
0:0:0:0:0:0:0:1 - - [28/Nov/2020:13:52:17 +0700] "GET / HTTP/1.1" 200 1223
0:0:0:0:0:0:0:1 - - [28/Nov/2020:13:52:21 +0700] "GET /?form HTTP/1.1" 200 1189
0:0:0:0:0:0:0:1 - - [28/Nov/2020:13:52:36 +0700] "POST /form HTTP/1.1" 302 -
0:0:0:0:0:0:0:1 - - [28/Nov/2020:13:52:36 +0700] "GET / HTTP/1.1" 200 1324
